Starting a Gradle Daemon, 1 incompatible Daemon could not be reused, use --status for details
> Task :build-logic:checkKotlinGradlePluginConfigurationErrors SKIPPED
> Task :build-logic:generateExternalPluginSpecBuilders UP-TO-DATE
> Task :build-logic:extractPrecompiledScriptPluginPlugins UP-TO-DATE
> Task :build-logic:compilePluginsBlocks UP-TO-DATE
> Task :build-logic:generatePrecompiledScriptPluginAccessors UP-TO-DATE
> Task :build-logic:generateScriptPluginAdapters UP-TO-DATE
> Task :build-logic:compileKotlin UP-TO-DATE
> Task :build-logic:compileJava NO-SOURCE
> Task :build-logic:pluginDescriptors UP-TO-DATE
> Task :build-logic:processResources UP-TO-DATE
> Task :build-logic:classes UP-TO-DATE
> Task :build-logic:jar UP-TO-DATE
> Task :feature:categories:preBuild UP-TO-DATE
> Task :data:user:preBuild UP-TO-DATE
> Task :core:designsystem:preBuild UP-TO-DATE
> Task :data:auth:preBuild UP-TO-DATE
> Task :feature:details:preBuild UP-TO-DATE
> Task :core:domain:checkKotlinGradlePluginConfigurationErrors SKIPPED
> Task :data:search:preBuild UP-TO-DATE
> Task :data:catalog:preBuild UP-TO-DATE
> Task :data:auth:preDebugBuild UP-TO-DATE
> Task :data:watching:preBuild UP-TO-DATE
> Task :core:ui:preBuild UP-TO-DATE
> Task :data:search:preDebugBuild UP-TO-DATE
> Task :data:catalog:preDebugBuild UP-TO-DATE
> Task :data:user:preDebugBuild UP-TO-DATE
> Task :core:network:preBuild UP-TO-DATE
> Task :core:designsystem:preDebugBuild UP-TO-DATE
> Task :core:network:preDebugBuild UP-TO-DATE
> Task :data:watching:preDebugBuild UP-TO-DATE
> Task :core:ui:preDebugBuild UP-TO-DATE
> Task :feature:categories:preDebugBuild UP-TO-DATE
> Task :feature:details:preDebugBuild UP-TO-DATE
> Task :app:checkKotlinGradlePluginConfigurationErrors SKIPPED
> Task :app:preBuild UP-TO-DATE
> Task :app:preDebugBuild UP-TO-DATE
> Task :feature:home:preBuild UP-TO-DATE
> Task :feature:home:preDebugBuild UP-TO-DATE
> Task :core:network:writeDebugAarMetadata UP-TO-DATE
> Task :data:watching:writeDebugAarMetadata UP-TO-DATE
> Task :core:ui:writeDebugAarMetadata UP-TO-DATE
> Task :feature:categories:writeDebugAarMetadata UP-TO-DATE
> Task :feature:details:writeDebugAarMetadata UP-TO-DATE
> Task :data:auth:writeDebugAarMetadata UP-TO-DATE
> Task :core:designsystem:writeDebugAarMetadata UP-TO-DATE
> Task :data:catalog:writeDebugAarMetadata UP-TO-DATE
> Task :data:search:writeDebugAarMetadata UP-TO-DATE
> Task :data:user:writeDebugAarMetadata UP-TO-DATE
> Task :feature:home:writeDebugAarMetadata UP-TO-DATE
> Task :feature:onboarding:preBuild UP-TO-DATE
> Task :feature:profile:preBuild UP-TO-DATE
> Task :feature:library:preBuild UP-TO-DATE
> Task :feature:player:preBuild UP-TO-DATE
> Task :feature:search:preBuild UP-TO-DATE
> Task :feature:player:preDebugBuild UP-TO-DATE
> Task :feature:library:preDebugBuild UP-TO-DATE
> Task :feature:onboarding:preDebugBuild UP-TO-DATE
> Task :core:network:generateDebugResValues UP-TO-DATE
> Task :feature:profile:preDebugBuild UP-TO-DATE
> Task :core:ui:generateDebugResValues UP-TO-DATE
> Task :feature:search:preDebugBuild UP-TO-DATE
> Task :data:catalog:generateDebugResValues UP-TO-DATE
> Task :core:designsystem:generateDebugResValues UP-TO-DATE
> Task :app:generateDebugResValues UP-TO-DATE
> Task :data:auth:generateDebugResValues UP-TO-DATE
> Task :feature:onboarding:writeDebugAarMetadata UP-TO-DATE
> Task :feature:search:writeDebugAarMetadata UP-TO-DATE
> Task :feature:player:writeDebugAarMetadata UP-TO-DATE
> Task :feature:library:writeDebugAarMetadata UP-TO-DATE
> Task :core:designsystem:generateDebugResources UP-TO-DATE
> Task :feature:profile:writeDebugAarMetadata UP-TO-DATE
> Task :data:search:generateDebugResValues UP-TO-DATE
> Task :data:auth:generateDebugResources UP-TO-DATE
> Task :data:watching:generateDebugResValues UP-TO-DATE
> Task :core:ui:generateDebugResources UP-TO-DATE
> Task :data:catalog:generateDebugResources UP-TO-DATE
> Task :data:user:generateDebugResValues UP-TO-DATE
> Task :core:network:generateDebugResources UP-TO-DATE
> Task :feature:details:generateDebugResValues UP-TO-DATE
> Task :feature:categories:generateDebugResValues UP-TO-DATE
> Task :data:search:generateDebugResources UP-TO-DATE
> Task :data:watching:generateDebugResources UP-TO-DATE
> Task :feature:categories:generateDebugResources UP-TO-DATE
> Task :data:user:generateDebugResources UP-TO-DATE
> Task :feature:home:generateDebugResValues UP-TO-DATE
> Task :feature:details:generateDebugResources UP-TO-DATE
> Task :feature:home:generateDebugResources UP-TO-DATE
> Task :data:auth:packageDebugResources UP-TO-DATE
> Task :core:designsystem:packageDebugResources UP-TO-DATE
> Task :data:search:packageDebugResources UP-TO-DATE
> Task :data:catalog:packageDebugResources UP-TO-DATE
> Task :data:watching:packageDebugResources UP-TO-DATE
> Task :feature:library:generateDebugResValues UP-TO-DATE
> Task :core:network:packageDebugResources UP-TO-DATE
> Task :core:ui:packageDebugResources UP-TO-DATE
> Task :feature:categories:packageDebugResources UP-TO-DATE
> Task :feature:onboarding:generateDebugResValues UP-TO-DATE
> Task :feature:player:generateDebugResValues UP-TO-DATE
> Task :feature:search:generateDebugResValues UP-TO-DATE
> Task :feature:profile:generateDebugResValues UP-TO-DATE
> Task :feature:onboarding:generateDebugResources UP-TO-DATE
> Task :feature:search:generateDebugResources UP-TO-DATE
> Task :feature:profile:generateDebugResources UP-TO-DATE
> Task :core:designsystem:extractDeepLinksDebug UP-TO-DATE
> Task :feature:player:generateDebugResources UP-TO-DATE
> Task :feature:library:generateDebugResources UP-TO-DATE
> Task :core:network:extractDeepLinksDebug UP-TO-DATE
> Task :feature:home:packageDebugResources UP-TO-DATE
> Task :data:user:packageDebugResources UP-TO-DATE
> Task :feature:details:packageDebugResources UP-TO-DATE
> Task :core:ui:extractDeepLinksDebug UP-TO-DATE
> Task :data:catalog:extractDeepLinksDebug UP-TO-DATE
> Task :data:auth:extractDeepLinksDebug UP-TO-DATE
> Task :feature:search:packageDebugResources UP-TO-DATE
> Task :data:search:extractDeepLinksDebug UP-TO-DATE
> Task :feature:player:packageDebugResources UP-TO-DATE
> Task :feature:profile:packageDebugResources UP-TO-DATE
> Task :feature:library:packageDebugResources UP-TO-DATE
> Task :feature:onboarding:packageDebugResources UP-TO-DATE
> Task :data:user:extractDeepLinksDebug UP-TO-DATE
> Task :data:watching:extractDeepLinksDebug UP-TO-DATE
> Task :core:designsystem:processDebugManifest UP-TO-DATE
> Task :data:catalog:processDebugManifest UP-TO-DATE
> Task :core:ui:processDebugManifest UP-TO-DATE
> Task :data:search:processDebugManifest UP-TO-DATE
> Task :core:network:processDebugManifest UP-TO-DATE
> Task :data:auth:processDebugManifest UP-TO-DATE
> Task :feature:details:extractDeepLinksDebug UP-TO-DATE
> Task :feature:categories:extractDeepLinksDebug UP-TO-DATE
> Task :feature:library:extractDeepLinksDebug UP-TO-DATE
> Task :feature:player:extractDeepLinksDebug UP-TO-DATE
> Task :feature:search:extractDeepLinksDebug UP-TO-DATE
> Task :feature:profile:extractDeepLinksDebug UP-TO-DATE
> Task :feature:onboarding:extractDeepLinksDebug UP-TO-DATE
> Task :feature:home:extractDeepLinksDebug UP-TO-DATE
> Task :data:watching:processDebugManifest UP-TO-DATE
> Task :data:user:processDebugManifest UP-TO-DATE
> Task :feature:details:processDebugManifest UP-TO-DATE
> Task :core:network:compileDebugLibraryResources UP-TO-DATE
> Task :core:designsystem:compileDebugLibraryResources UP-TO-DATE
> Task :feature:library:processDebugManifest UP-TO-DATE
> Task :core:ui:compileDebugLibraryResources UP-TO-DATE
> Task :data:auth:compileDebugLibraryResources UP-TO-DATE
> Task :feature:home:processDebugManifest UP-TO-DATE
> Task :feature:search:processDebugManifest UP-TO-DATE
> Task :feature:onboarding:processDebugManifest UP-TO-DATE
> Task :feature:categories:processDebugManifest UP-TO-DATE
> Task :feature:player:processDebugManifest UP-TO-DATE
> Task :feature:profile:processDebugManifest UP-TO-DATE
> Task :data:catalog:compileDebugLibraryResources UP-TO-DATE
> Task :data:watching:compileDebugLibraryResources UP-TO-DATE
> Task :feature:details:compileDebugLibraryResources UP-TO-DATE
> Task :data:search:compileDebugLibraryResources UP-TO-DATE
> Task :data:user:compileDebugLibraryResources UP-TO-DATE
> Task :feature:categories:compileDebugLibraryResources UP-TO-DATE
> Task :data:auth:parseDebugLocalResources UP-TO-DATE
> Task :core:network:parseDebugLocalResources UP-TO-DATE
> Task :data:search:parseDebugLocalResources UP-TO-DATE
> Task :data:auth:generateDebugRFile UP-TO-DATE
> Task :data:catalog:parseDebugLocalResources UP-TO-DATE
> Task :core:designsystem:parseDebugLocalResources UP-TO-DATE
> Task :core:network:generateDebugRFile UP-TO-DATE
> Task :feature:library:compileDebugLibraryResources UP-TO-DATE
> Task :feature:home:compileDebugLibraryResources UP-TO-DATE
> Task :data:search:generateDebugRFile UP-TO-DATE
> Task :core:ui:parseDebugLocalResources UP-TO-DATE
> Task :feature:categories:parseDebugLocalResources UP-TO-DATE
> Task :core:designsystem:generateDebugRFile UP-TO-DATE
> Task :data:user:parseDebugLocalResources UP-TO-DATE
> Task :feature:onboarding:compileDebugLibraryResources UP-TO-DATE
> Task :feature:details:parseDebugLocalResources UP-TO-DATE
> Task :feature:player:compileDebugLibraryResources UP-TO-DATE
> Task :feature:library:parseDebugLocalResources UP-TO-DATE
> Task :data:watching:parseDebugLocalResources UP-TO-DATE
> Task :feature:home:parseDebugLocalResources UP-TO-DATE
> Task :data:catalog:generateDebugRFile UP-TO-DATE
> Task :feature:onboarding:parseDebugLocalResources UP-TO-DATE
> Task :feature:profile:compileDebugLibraryResources UP-TO-DATE
> Task :feature:player:parseDebugLocalResources UP-TO-DATE
> Task :data:user:generateDebugRFile UP-TO-DATE
> Task :data:watching:generateDebugRFile UP-TO-DATE
> Task :core:ui:generateDebugRFile UP-TO-DATE
> Task :feature:categories:generateDebugRFile UP-TO-DATE
> Task :feature:details:generateDebugRFile UP-TO-DATE
> Task :feature:library:generateDebugRFile UP-TO-DATE
> Task :core:designsystem:checkKotlinGradlePluginConfigurationErrors SKIPPED
> Task :core:ui:checkKotlinGradlePluginConfigurationErrors SKIPPED
> Task :core:network:checkKotlinGradlePluginConfigurationErrors SKIPPED
> Task :feature:home:generateDebugRFile UP-TO-DATE
> Task :feature:onboarding:generateDebugRFile UP-TO-DATE
> Task :data:auth:checkKotlinGradlePluginConfigurationErrors SKIPPED
> Task :data:catalog:checkKotlinGradlePluginConfigurationErrors SKIPPED
> Task :data:search:checkKotlinGradlePluginConfigurationErrors SKIPPED
> Task :feature:search:compileDebugLibraryResources UP-TO-DATE
> Task :core:ui:javaPreCompileDebug UP-TO-DATE
> Task :feature:profile:parseDebugLocalResources UP-TO-DATE
> Task :data:user:checkKotlinGradlePluginConfigurationErrors SKIPPED
> Task :data:watching:checkKotlinGradlePluginConfigurationErrors SKIPPED
> Task :core:domain:compileKotlin UP-TO-DATE
> Task :feature:player:generateDebugRFile UP-TO-DATE
> Task :feature:search:parseDebugLocalResources UP-TO-DATE
> Task :feature:categories:checkKotlinGradlePluginConfigurationErrors SKIPPED
> Task :core:domain:compileJava NO-SOURCE
> Task :feature:profile:generateDebugRFile UP-TO-DATE
> Task :feature:details:checkKotlinGradlePluginConfigurationErrors SKIPPED
> Task :feature:search:generateDebugRFile UP-TO-DATE
> Task :feature:home:checkKotlinGradlePluginConfigurationErrors SKIPPED
> Task :core:domain:processResources NO-SOURCE
> Task :core:domain:classes UP-TO-DATE
> Task :core:domain:jar UP-TO-DATE
> Task :feature:library:checkKotlinGradlePluginConfigurationErrors SKIPPED
> Task :data:watching:javaPreCompileDebug UP-TO-DATE
> Task :feature:categories:javaPreCompileDebug UP-TO-DATE
> Task :data:search:javaPreCompileDebug UP-TO-DATE
> Task :data:catalog:javaPreCompileDebug UP-TO-DATE
> Task :feature:home:javaPreCompileDebug UP-TO-DATE
> Task :feature:library:javaPreCompileDebug UP-TO-DATE
> Task :data:user:javaPreCompileDebug UP-TO-DATE
> Task :feature:details:javaPreCompileDebug UP-TO-DATE
> Task :data:auth:javaPreCompileDebug UP-TO-DATE
> Task :feature:onboarding:checkKotlinGradlePluginConfigurationErrors SKIPPED
> Task :feature:player:checkKotlinGradlePluginConfigurationErrors SKIPPED
> Task :feature:search:checkKotlinGradlePluginConfigurationErrors SKIPPED
> Task :feature:profile:checkKotlinGradlePluginConfigurationErrors SKIPPED
> Task :data:auth:mergeDebugShaders UP-TO-DATE
> Task :data:catalog:mergeDebugShaders UP-TO-DATE
> Task :core:ui:mergeDebugShaders UP-TO-DATE
> Task :data:user:mergeDebugShaders UP-TO-DATE
> Task :data:search:mergeDebugShaders UP-TO-DATE
> Task :feature:onboarding:javaPreCompileDebug UP-TO-DATE
> Task :feature:player:javaPreCompileDebug UP-TO-DATE
> Task :feature:search:javaPreCompileDebug UP-TO-DATE
> Task :feature:profile:javaPreCompileDebug UP-TO-DATE
> Task :data:auth:compileDebugShaders NO-SOURCE
> Task :core:ui:compileDebugShaders NO-SOURCE
> Task :core:ui:generateDebugAssets UP-TO-DATE
> Task :data:auth:generateDebugAssets UP-TO-DATE
> Task :data:search:compileDebugShaders NO-SOURCE
> Task :data:search:generateDebugAssets UP-TO-DATE
> Task :data:catalog:compileDebugShaders NO-SOURCE
> Task :data:user:compileDebugShaders NO-SOURCE
> Task :data:catalog:generateDebugAssets UP-TO-DATE
> Task :data:user:generateDebugAssets UP-TO-DATE
> Task :feature:categories:mergeDebugShaders UP-TO-DATE
> Task :data:watching:mergeDebugShaders UP-TO-DATE
> Task :feature:details:mergeDebugShaders UP-TO-DATE
> Task :feature:home:mergeDebugShaders UP-TO-DATE
> Task :core:ui:packageDebugAssets UP-TO-DATE
> Task :data:auth:packageDebugAssets UP-TO-DATE
> Task :data:watching:compileDebugShaders NO-SOURCE
> Task :data:search:packageDebugAssets UP-TO-DATE
> Task :feature:categories:compileDebugShaders NO-SOURCE
> Task :data:watching:generateDebugAssets UP-TO-DATE
> Task :feature:categories:generateDebugAssets UP-TO-DATE
> Task :data:catalog:packageDebugAssets UP-TO-DATE
> Task :data:user:packageDebugAssets UP-TO-DATE
> Task :feature:home:compileDebugShaders NO-SOURCE
> Task :feature:library:mergeDebugShaders UP-TO-DATE
> Task :feature:home:generateDebugAssets UP-TO-DATE
> Task :feature:details:compileDebugShaders NO-SOURCE
> Task :feature:details:generateDebugAssets UP-TO-DATE
> Task :data:watching:packageDebugAssets UP-TO-DATE
> Task :feature:player:mergeDebugShaders UP-TO-DATE
> Task :feature:library:compileDebugShaders NO-SOURCE
> Task :feature:onboarding:mergeDebugShaders UP-TO-DATE
> Task :feature:categories:packageDebugAssets UP-TO-DATE
> Task :feature:library:generateDebugAssets UP-TO-DATE
> Task :feature:search:mergeDebugShaders UP-TO-DATE
> Task :feature:home:packageDebugAssets UP-TO-DATE
> Task :feature:profile:mergeDebugShaders UP-TO-DATE
> Task :feature:player:compileDebugShaders NO-SOURCE
> Task :feature:player:generateDebugAssets UP-TO-DATE
> Task :feature:onboarding:compileDebugShaders NO-SOURCE
> Task :feature:onboarding:generateDebugAssets UP-TO-DATE
> Task :feature:details:packageDebugAssets UP-TO-DATE
> Task :feature:library:packageDebugAssets UP-TO-DATE
> Task :feature:search:compileDebugShaders NO-SOURCE
> Task :feature:search:generateDebugAssets UP-TO-DATE
> Task :feature:profile:compileDebugShaders NO-SOURCE
> Task :feature:profile:generateDebugAssets UP-TO-DATE
> Task :feature:player:packageDebugAssets UP-TO-DATE
> Task :feature:onboarding:packageDebugAssets UP-TO-DATE
> Task :feature:search:packageDebugAssets UP-TO-DATE
> Task :core:ui:mergeDebugJniLibFolders UP-TO-DATE
> Task :data:auth:mergeDebugJniLibFolders UP-TO-DATE
> Task :feature:profile:packageDebugAssets UP-TO-DATE
> Task :core:ui:mergeDebugNativeLibs NO-SOURCE
> Task :data:catalog:mergeDebugJniLibFolders UP-TO-DATE
> Task :data:user:mergeDebugJniLibFolders UP-TO-DATE
> Task :data:search:mergeDebugJniLibFolders UP-TO-DATE
> Task :core:ui:copyDebugJniLibsProjectOnly UP-TO-DATE
> Task :data:watching:mergeDebugJniLibFolders UP-TO-DATE
> Task :data:auth:mergeDebugNativeLibs NO-SOURCE
> Task :data:search:mergeDebugNativeLibs NO-SOURCE
> Task :data:catalog:mergeDebugNativeLibs NO-SOURCE
> Task :data:user:mergeDebugNativeLibs NO-SOURCE
> Task :data:watching:mergeDebugNativeLibs NO-SOURCE
> Task :data:auth:copyDebugJniLibsProjectOnly UP-TO-DATE
> Task :feature:categories:mergeDebugJniLibFolders UP-TO-DATE
> Task :data:user:copyDebugJniLibsProjectOnly UP-TO-DATE
> Task :data:catalog:copyDebugJniLibsProjectOnly UP-TO-DATE
> Task :feature:home:mergeDebugJniLibFolders UP-TO-DATE
> Task :feature:details:mergeDebugJniLibFolders UP-TO-DATE
> Task :feature:library:mergeDebugJniLibFolders UP-TO-DATE
> Task :data:watching:copyDebugJniLibsProjectOnly UP-TO-DATE
> Task :feature:categories:mergeDebugNativeLibs NO-SOURCE
> Task :feature:home:mergeDebugNativeLibs NO-SOURCE
> Task :feature:details:mergeDebugNativeLibs NO-SOURCE
> Task :feature:library:mergeDebugNativeLibs NO-SOURCE
> Task :feature:onboarding:mergeDebugJniLibFolders UP-TO-DATE
> Task :feature:player:mergeDebugJniLibFolders UP-TO-DATE
> Task :data:search:copyDebugJniLibsProjectOnly UP-TO-DATE
> Task :feature:profile:mergeDebugJniLibFolders UP-TO-DATE
> Task :feature:categories:copyDebugJniLibsProjectOnly UP-TO-DATE
> Task :feature:home:copyDebugJniLibsProjectOnly UP-TO-DATE
> Task :feature:library:copyDebugJniLibsProjectOnly UP-TO-DATE
> Task :feature:details:copyDebugJniLibsProjectOnly UP-TO-DATE
> Task :feature:onboarding:mergeDebugNativeLibs NO-SOURCE
> Task :feature:player:mergeDebugNativeLibs NO-SOURCE
> Task :feature:profile:mergeDebugNativeLibs NO-SOURCE
> Task :feature:search:mergeDebugJniLibFolders UP-TO-DATE
> Task :feature:player:copyDebugJniLibsProjectOnly UP-TO-DATE
> Task :feature:onboarding:copyDebugJniLibsProjectOnly UP-TO-DATE
> Task :feature:profile:copyDebugJniLibsProjectOnly UP-TO-DATE
> Task :feature:search:mergeDebugNativeLibs NO-SOURCE
> Task :feature:search:copyDebugJniLibsProjectOnly UP-TO-DATE
> Task :core:network:kspDebugKotlin UP-TO-DATE
> Task :core:network:compileDebugKotlin UP-TO-DATE
> Task :core:network:javaPreCompileDebug UP-TO-DATE
> Task :app:checkDebugAarMetadata UP-TO-DATE
> Task :core:designsystem:compileDebugKotlin UP-TO-DATE
> Task :core:designsystem:javaPreCompileDebug UP-TO-DATE
> Task :core:designsystem:compileDebugJavaWithJavac NO-SOURCE
> Task :core:designsystem:bundleLibCompileToJarDebug UP-TO-DATE
> Task :core:designsystem:bundleLibRuntimeToJarDebug UP-TO-DATE
> Task :core:designsystem:mergeDebugShaders UP-TO-DATE
> Task :core:designsystem:compileDebugShaders NO-SOURCE
> Task :core:designsystem:generateDebugAssets UP-TO-DATE
> Task :app:mapDebugSourceSetPaths UP-TO-DATE
> Task :app:generateDebugResources UP-TO-DATE
> Task :core:designsystem:packageDebugAssets UP-TO-DATE
> Task :core:designsystem:processDebugJavaRes UP-TO-DATE
> Task :core:designsystem:bundleLibRuntimeToDirDebug UP-TO-DATE
> Task :core:designsystem:mergeDebugJniLibFolders UP-TO-DATE
> Task :core:designsystem:mergeDebugNativeLibs NO-SOURCE
> Task :core:designsystem:copyDebugJniLibsProjectOnly UP-TO-DATE
> Task :app:mergeDebugResources UP-TO-DATE
> Task :app:packageDebugResources UP-TO-DATE
> Task :app:parseDebugLocalResources UP-TO-DATE
> Task :app:createDebugCompatibleScreenManifests UP-TO-DATE
> Task :app:extractDeepLinksDebug UP-TO-DATE
> Task :core:ui:compileDebugKotlin UP-TO-DATE
> Task :core:ui:compileDebugJavaWithJavac NO-SOURCE
> Task :core:ui:bundleLibCompileToJarDebug UP-TO-DATE
> Task :core:ui:bundleLibRuntimeToJarDebug UP-TO-DATE
> Task :core:ui:processDebugJavaRes UP-TO-DATE
> Task :core:ui:bundleLibRuntimeToDirDebug UP-TO-DATE
> Task :app:processDebugMainManifest
> Task :app:processDebugManifest
> Task :app:javaPreCompileDebug UP-TO-DATE
> Task :app:mergeDebugShaders UP-TO-DATE
> Task :app:compileDebugShaders NO-SOURCE
> Task :app:generateDebugAssets UP-TO-DATE
> Task :app:desugarDebugFileDependencies UP-TO-DATE
> Task :app:checkDebugDuplicateClasses UP-TO-DATE
> Task :app:mergeExtDexDebug UP-TO-DATE
> Task :app:mergeDebugJniLibFolders UP-TO-DATE
> Task :app:validateSigningDebug UP-TO-DATE
> Task :app:writeDebugAppMetadata UP-TO-DATE
> Task :app:writeDebugSigningConfigVersions UP-TO-DATE
> Task :app:processDebugManifestForPackage
> Task :core:network:compileDebugJavaWithJavac
> Task :core:network:transformDebugClassesWithAsm UP-TO-DATE
> Task :core:network:bundleLibCompileToJarDebug UP-TO-DATE
> Task :core:network:bundleLibRuntimeToJarDebug UP-TO-DATE
> Task :core:network:mergeDebugShaders UP-TO-DATE
> Task :core:network:compileDebugShaders NO-SOURCE
> Task :core:network:generateDebugAssets UP-TO-DATE
> Task :core:network:packageDebugAssets UP-TO-DATE
> Task :core:network:processDebugJavaRes UP-TO-DATE
> Task :core:network:bundleLibRuntimeToDirDebug UP-TO-DATE
> Task :core:network:mergeDebugJniLibFolders UP-TO-DATE
> Task :core:network:mergeDebugNativeLibs NO-SOURCE
> Task :core:network:copyDebugJniLibsProjectOnly UP-TO-DATE
> Task :app:mergeDebugAssets UP-TO-DATE
> Task :app:compressDebugAssets UP-TO-DATE
> Task :data:auth:kspDebugKotlin UP-TO-DATE
> Task :data:watching:kspDebugKotlin UP-TO-DATE
> Task :data:catalog:kspDebugKotlin UP-TO-DATE
> Task :data:auth:compileDebugKotlin UP-TO-DATE
> Task :data:watching:compileDebugKotlin UP-TO-DATE
> Task :app:mergeDebugNativeLibs UP-TO-DATE
> Task :app:stripDebugDebugSymbols UP-TO-DATE
> Task :data:catalog:compileDebugKotlin UP-TO-DATE
> Task :data:catalog:compileDebugJavaWithJavac
> Task :data:watching:compileDebugJavaWithJavac
> Task :data:catalog:transformDebugClassesWithAsm UP-TO-DATE
> Task :data:watching:transformDebugClassesWithAsm UP-TO-DATE
> Task :data:catalog:bundleLibCompileToJarDebug UP-TO-DATE
> Task :data:catalog:bundleLibRuntimeToJarDebug UP-TO-DATE
> Task :data:watching:bundleLibCompileToJarDebug UP-TO-DATE
> Task :data:auth:compileDebugJavaWithJavac
> Task :data:watching:bundleLibRuntimeToJarDebug UP-TO-DATE
> Task :data:catalog:processDebugJavaRes UP-TO-DATE
> Task :data:watching:processDebugJavaRes UP-TO-DATE
> Task :data:auth:transformDebugClassesWithAsm UP-TO-DATE
> Task :data:auth:bundleLibCompileToJarDebug UP-TO-DATE
> Task :data:auth:bundleLibRuntimeToJarDebug UP-TO-DATE
> Task :data:auth:processDebugJavaRes UP-TO-DATE
> Task :data:watching:bundleLibRuntimeToDirDebug UP-TO-DATE
> Task :data:catalog:bundleLibRuntimeToDirDebug UP-TO-DATE
> Task :data:auth:bundleLibRuntimeToDirDebug UP-TO-DATE
> Task :data:search:kspDebugKotlin UP-TO-DATE
> Task :data:user:kspDebugKotlin UP-TO-DATE
> Task :data:search:compileDebugKotlin UP-TO-DATE
> Task :data:user:compileDebugKotlin UP-TO-DATE
> Task :feature:onboarding:kspDebugKotlin UP-TO-DATE
> Task :feature:player:kspDebugKotlin UP-TO-DATE
> Task :feature:details:kspDebugKotlin UP-TO-DATE
> Task :feature:categories:kspDebugKotlin UP-TO-DATE
> Task :feature:details:compileDebugKotlin UP-TO-DATE
> Task :feature:player:compileDebugKotlin UP-TO-DATE
> Task :feature:onboarding:compileDebugKotlin UP-TO-DATE
> Task :feature:categories:compileDebugKotlin UP-TO-DATE
> Task :data:search:compileDebugJavaWithJavac
> Task :data:search:transformDebugClassesWithAsm UP-TO-DATE
> Task :data:search:bundleLibCompileToJarDebug UP-TO-DATE
> Task :data:search:bundleLibRuntimeToJarDebug UP-TO-DATE
> Task :data:search:processDebugJavaRes UP-TO-DATE
> Task :data:search:bundleLibRuntimeToDirDebug UP-TO-DATE
> Task :data:user:compileDebugJavaWithJavac
> Task :data:user:transformDebugClassesWithAsm UP-TO-DATE
> Task :data:user:bundleLibCompileToJarDebug UP-TO-DATE
> Task :data:user:bundleLibRuntimeToJarDebug UP-TO-DATE
> Task :data:user:processDebugJavaRes UP-TO-DATE
> Task :feature:search:kspDebugKotlin UP-TO-DATE
> Task :data:user:bundleLibRuntimeToDirDebug UP-TO-DATE
> Task :feature:search:compileDebugKotlin UP-TO-DATE
> Task :feature:library:kspDebugKotlin UP-TO-DATE
> Task :feature:profile:kspDebugKotlin UP-TO-DATE
> Task :feature:library:compileDebugKotlin UP-TO-DATE
> Task :app:processDebugResources
> Task :feature:profile:compileDebugKotlin UP-TO-DATE
> Task :feature:categories:compileDebugJavaWithJavac
> Task :feature:onboarding:compileDebugJavaWithJavac
> Task :feature:details:compileDebugJavaWithJavac
> Task :feature:onboarding:transformDebugClassesWithAsm UP-TO-DATE
> Task :feature:categories:transformDebugClassesWithAsm UP-TO-DATE
> Task :feature:categories:bundleLibCompileToJarDebug UP-TO-DATE
> Task :feature:onboarding:bundleLibCompileToJarDebug UP-TO-DATE
> Task :feature:categories:bundleLibRuntimeToJarDebug UP-TO-DATE
> Task :feature:onboarding:bundleLibRuntimeToJarDebug UP-TO-DATE
> Task :feature:details:transformDebugClassesWithAsm UP-TO-DATE
> Task :feature:details:bundleLibCompileToJarDebug UP-TO-DATE
> Task :feature:categories:processDebugJavaRes UP-TO-DATE
> Task :feature:onboarding:processDebugJavaRes UP-TO-DATE
> Task :feature:details:bundleLibRuntimeToJarDebug UP-TO-DATE
> Task :feature:categories:bundleLibRuntimeToDirDebug UP-TO-DATE
> Task :feature:onboarding:bundleLibRuntimeToDirDebug UP-TO-DATE
> Task :feature:player:compileDebugJavaWithJavac
> Task :feature:details:processDebugJavaRes UP-TO-DATE
> Task :feature:details:bundleLibRuntimeToDirDebug UP-TO-DATE
> Task :feature:player:transformDebugClassesWithAsm UP-TO-DATE
> Task :feature:player:bundleLibCompileToJarDebug UP-TO-DATE
> Task :feature:player:bundleLibRuntimeToJarDebug UP-TO-DATE
> Task :feature:player:processDebugJavaRes UP-TO-DATE
> Task :feature:player:bundleLibRuntimeToDirDebug UP-TO-DATE
> Task :feature:search:compileDebugJavaWithJavac
> Task :feature:search:transformDebugClassesWithAsm UP-TO-DATE
> Task :feature:search:bundleLibCompileToJarDebug UP-TO-DATE
> Task :feature:search:bundleLibRuntimeToJarDebug UP-TO-DATE
> Task :feature:search:processDebugJavaRes UP-TO-DATE
> Task :feature:search:bundleLibRuntimeToDirDebug UP-TO-DATE
> Task :feature:profile:compileDebugJavaWithJavac
> Task :feature:library:compileDebugJavaWithJavac
> Task :feature:library:transformDebugClassesWithAsm UP-TO-DATE
> Task :feature:profile:transformDebugClassesWithAsm UP-TO-DATE
> Task :feature:library:bundleLibCompileToJarDebug UP-TO-DATE
> Task :feature:profile:bundleLibCompileToJarDebug UP-TO-DATE
> Task :feature:library:bundleLibRuntimeToJarDebug UP-TO-DATE
> Task :feature:profile:bundleLibRuntimeToJarDebug UP-TO-DATE
> Task :feature:profile:processDebugJavaRes UP-TO-DATE
> Task :feature:library:processDebugJavaRes UP-TO-DATE
> Task :feature:profile:bundleLibRuntimeToDirDebug UP-TO-DATE
> Task :feature:library:bundleLibRuntimeToDirDebug UP-TO-DATE
> Task :feature:home:kspDebugKotlin
> Task :feature:home:compileDebugKotlin
> Task :feature:home:compileDebugJavaWithJavac
> Task :feature:home:processDebugJavaRes UP-TO-DATE
> Task :feature:home:transformDebugClassesWithAsm
> Task :feature:home:bundleLibRuntimeToDirDebug
> Task :feature:home:bundleLibRuntimeToJarDebug
> Task :feature:home:bundleLibCompileToJarDebug
> Task :app:kspDebugKotlin
> Task :app:compileDebugKotlin UP-TO-DATE
> Task :app:compileDebugJavaWithJavac
> Task :app:hiltAggregateDepsDebug UP-TO-DATE
> Task :app:hiltJavaCompileDebug
> Task :app:processDebugJavaRes UP-TO-DATE
> Task :app:mergeDebugJavaResource UP-TO-DATE
> Task :app:mergeLibDexDebug
> Task :app:transformDebugClassesWithAsm
> Task :app:dexBuilderDebug
> Task :app:mergeDebugGlobalSynthetics UP-TO-DATE
> Task :app:mergeProjectDexDebug
> Task :app:packageDebug
> Task :app:createDebugApkListingFileRedirect

> Task :app:installDebug
Installing APK 'app-debug.apk' on 'Pixel 7 - 17' for :app:debug
Installed on 1 device.

BUILD SUCCESSFUL in 31s
398 actionable tasks: 34 executed, 364 up-to-date
